e:\code\3dpreprocess\src\meshlabplugins\edit_fab\release\qrc_edit_fab.obj
e:\code\3dpreprocess\src\meshlabplugins\edit_fab\release\vc142.pdb
e:\code\3dpreprocess\src\meshlabplugins\edit_fab\release\process_edit.obj
e:\code\3dpreprocess\src\meshlabplugins\edit_fab\release\coordinateframe.obj
e:\code\3dpreprocess\src\meshlabplugins\edit_fab\release\edit_fab_factory.obj
e:\code\3dpreprocess\src\meshlabplugins\edit_fab\release\mask.obj
e:\code\3dpreprocess\src\meshlabplugins\edit_fab\release\mmask.obj
e:\code\3dpreprocess\src\meshlabplugins\edit_fab\release\split.obj
e:\code\3dpreprocess\src\meshlabplugins\edit_fab\release\bitstream.obj
e:\code\3dpreprocess\src\meshlabplugins\edit_fab\release\qrspec.obj
e:\code\3dpreprocess\src\meshlabplugins\edit_fab\release\mqrspec.obj
e:\code\3dpreprocess\src\meshlabplugins\edit_fab\release\qrencode.obj
e:\code\3dpreprocess\src\meshlabplugins\edit_fab\release\qrinput.obj
e:\code\3dpreprocess\src\meshlabplugins\edit_fab\release\rsecc.obj
e:\code\3dpreprocess\src\meshlabplugins\edit_fab\release\moc_edit_fab_factory.obj
e:\code\3dpreprocess\src\meshlabplugins\edit_fab\release\moc_process_edit.obj
e:\code\3dpreprocess\src\meshlabplugins\edit_fab\release\uic\ui_setting_parameter.h
e:\code\3dpreprocess\src\meshlabplugins\edit_fab\release\qrc_edit_fab.cpp
e:\code\3dpreprocess\src\meshlabplugins\edit_fab\release\moc_process_edit.cpp
e:\code\3dpreprocess\src\meshlabplugins\edit_fab\release\moc_edit_fab_factory.cpp
e:\code\3dpreprocess\src\distrib\plugins\edit_fab.lib
e:\code\3dpreprocess\src\distrib\plugins\edit_fab.exp
e:\code\3dpreprocess\src\distrib\plugins\edit_fab.dll
e:\code\3dpreprocess\src\meshlabplugins\edit_fab\release\edit_fab.tlog\cl.command.1.tlog
e:\code\3dpreprocess\src\meshlabplugins\edit_fab\release\edit_fab.tlog\cl.read.1.tlog
e:\code\3dpreprocess\src\meshlabplugins\edit_fab\release\edit_fab.tlog\cl.write.1.tlog
e:\code\3dpreprocess\src\meshlabplugins\edit_fab\release\edit_fab.tlog\edit_fab.write.1u.tlog
e:\code\3dpreprocess\src\meshlabplugins\edit_fab\release\edit_fab.tlog\link.command.1.tlog
e:\code\3dpreprocess\src\meshlabplugins\edit_fab\release\edit_fab.tlog\link.read.1.tlog
e:\code\3dpreprocess\src\meshlabplugins\edit_fab\release\edit_fab.tlog\link.write.1.tlog
e:\code\3dpreprocess\src\meshlabplugins\edit_fab\release\edit_fab.tlog\moc.read.1u.tlog
e:\code\3dpreprocess\src\meshlabplugins\edit_fab\release\edit_fab.tlog\moc.write.1u.tlog
e:\code\3dpreprocess\src\meshlabplugins\edit_fab\release\edit_fab.tlog\rcc.read.1u.tlog
e:\code\3dpreprocess\src\meshlabplugins\edit_fab\release\edit_fab.tlog\rcc.write.1u.tlog
e:\code\3dpreprocess\src\meshlabplugins\edit_fab\release\edit_fab.tlog\uic.read.1u.tlog
e:\code\3dpreprocess\src\meshlabplugins\edit_fab\release\edit_fab.tlog\uic.write.1u.tlog
