d:\code\meshlab\meshlab2016\meshlab\src\common\win32\release\glew.obj
d:\code\meshlab\meshlab2016\meshlab\src\common\win32\release\scriptsyntax.obj
d:\code\meshlab\meshlab2016\meshlab\src\common\win32\release\moc_scriptsyntax.obj
d:\code\meshlab\meshlab2016\meshlab\src\common\win32\release\moc_gllogstream.obj
d:\code\meshlab\meshlab2016\meshlab\src\common\win32\release\gllogstream.obj
d:\code\meshlab\meshlab2016\meshlab\src\common\release\moc_filterscript.cpp
d:\code\meshlab\meshlab2016\meshlab\src\common\release\moc_gllogstream.cpp
d:\code\meshlab\meshlab2016\meshlab\src\common\release\moc_interfaces.cpp
d:\code\meshlab\meshlab2016\meshlab\src\common\release\moc_meshmodel.cpp
d:\code\meshlab\meshlab2016\meshlab\src\common\release\moc_ml_shared_data_context.cpp
d:\code\meshlab\meshlab2016\meshlab\src\common\release\moc_scriptinterface.cpp
d:\code\meshlab\meshlab2016\meshlab\src\common\release\moc_scriptsyntax.cpp
e:\code\meshlab2016\src\common\win32\release\glew.obj
e:\code\meshlab2016\src\common\win32\release\gllogstream.obj
e:\code\meshlab2016\src\common\win32\release\moc_gllogstream.obj
e:\code\meshlab2016\src\common\win32\release\moc_scriptsyntax.obj
e:\code\meshlab2016\src\common\win32\release\scriptsyntax.obj
e:\code\meshlab2016\src\common\win32\release\common.tlog\cl.command.1.tlog
e:\code\meshlab2016\src\common\win32\release\common.tlog\cl.read.1.tlog
e:\code\meshlab2016\src\common\win32\release\common.tlog\cl.write.1.tlog
e:\code\meshlab2016\src\common\win32\release\common.tlog\custombuild.command.1.tlog
e:\code\meshlab2016\src\common\win32\release\common.tlog\custombuild.read.1.tlog
e:\code\meshlab2016\src\common\win32\release\common.tlog\custombuild.write.1.tlog
