e:\code\3dpreprocess\src\common\x64\debug\glew.obj
e:\code\3dpreprocess\src\common\x64\debug\vc90.pdb
e:\code\3dpreprocess\src\common\x64\debug\interfaces.obj
e:\code\3dpreprocess\src\common\x64\debug\xmlfilterinfo.obj
e:\code\3dpreprocess\src\common\x64\debug\meshlabdocumentbundler.obj
e:\code\3dpreprocess\src\common\x64\debug\sgsmooth.obj
e:\code\3dpreprocess\src\common\x64\debug\mlapplication.obj
e:\code\3dpreprocess\src\common\x64\debug\pluginmanager.obj
e:\code\3dpreprocess\src\common\x64\debug\meshmodel.obj
e:\code\3dpreprocess\src\common\x64\debug\filterscript.obj
e:\code\3dpreprocess\src\common\x64\debug\scriptinterface.obj
e:\code\3dpreprocess\src\common\x64\debug\gllogstream.obj
e:\code\3dpreprocess\src\common\x64\debug\ml_shared_data_context.obj
e:\code\3dpreprocess\src\common\x64\debug\meshlabdocumentxml.obj
e:\code\3dpreprocess\src\common\x64\debug\scriptsyntax.obj
e:\code\3dpreprocess\src\common\x64\debug\filterparameter.obj
e:\code\3dpreprocess\src\common\x64\debug\searcher.obj
e:\code\3dpreprocess\src\common\x64\debug\moc_filterscript.obj
e:\code\3dpreprocess\src\common\x64\debug\moc_interfaces.obj
e:\code\3dpreprocess\src\common\x64\debug\moc_gllogstream.obj
e:\code\3dpreprocess\src\common\x64\debug\moc_scriptsyntax.obj
e:\code\3dpreprocess\src\common\x64\debug\moc_scriptinterface.obj
e:\code\3dpreprocess\src\common\x64\debug\moc_meshmodel.obj
e:\code\3dpreprocess\src\common\x64\debug\moc_ml_shared_data_context.obj
e:\code\3dpreprocess\src\common\debug\moc_filterscript.cpp
e:\code\3dpreprocess\src\common\debug\moc_gllogstream.cpp
e:\code\3dpreprocess\src\common\debug\moc_interfaces.cpp
e:\code\3dpreprocess\src\common\debug\moc_meshmodel.cpp
e:\code\3dpreprocess\src\common\debug\moc_ml_shared_data_context.cpp
e:\code\3dpreprocess\src\common\debug\moc_scriptinterface.cpp
e:\code\3dpreprocess\src\common\debug\moc_scriptsyntax.cpp
e:\code\3dpreprocess\src\distrib\common.lib
e:\code\3dpreprocess\src\x64\debug\common.pdb
e:\code\3dpreprocess\src\common\x64\debug\common.tlog\cl.command.1.tlog
e:\code\3dpreprocess\src\common\x64\debug\common.tlog\cl.read.1.tlog
e:\code\3dpreprocess\src\common\x64\debug\common.tlog\cl.write.1.tlog
e:\code\3dpreprocess\src\common\x64\debug\common.tlog\common.write.1u.tlog
e:\code\3dpreprocess\src\common\x64\debug\common.tlog\lib-link.read.1.tlog
e:\code\3dpreprocess\src\common\x64\debug\common.tlog\lib-link.write.1.tlog
e:\code\3dpreprocess\src\common\x64\debug\common.tlog\lib.command.1.tlog
e:\code\3dpreprocess\src\common\x64\debug\common.tlog\moc.read.1u.tlog
e:\code\3dpreprocess\src\common\x64\debug\common.tlog\moc.write.1u.tlog
