e:\code\3dpreprocess\src\meshlabplugins\decorate_base\debug\qrc_decorate_base.obj
e:\code\3dpreprocess\src\meshlabplugins\decorate_base\debug\vc142.pdb
e:\code\3dpreprocess\src\meshlabplugins\decorate_base\debug\decorate_base.obj
e:\code\3dpreprocess\src\meshlabplugins\decorate_base\debug\coordinateframe.obj
e:\code\3dpreprocess\src\meshlabplugins\decorate_base\debug\moc_decorate_base.obj
e:\code\3dpreprocess\src\meshlabplugins\decorate_base\debug\qrc_decorate_base.cpp
e:\code\3dpreprocess\src\meshlabplugins\decorate_base\debug\moc_decorate_base.cpp
e:\code\3dpreprocess\src\distrib\plugins\decorate_base.lib
e:\code\3dpreprocess\src\distrib\plugins\decorate_base.exp
e:\code\3dpreprocess\src\distrib\plugins\decorate_base.ilk
e:\code\3dpreprocess\src\distrib\plugins\decorate_base.dll
e:\code\3dpreprocess\src\meshlabplugins\decorate_base\debug\decorate_base.tlog\cl.command.1.tlog
e:\code\3dpreprocess\src\meshlabplugins\decorate_base\debug\decorate_base.tlog\cl.read.1.tlog
e:\code\3dpreprocess\src\meshlabplugins\decorate_base\debug\decorate_base.tlog\cl.write.1.tlog
e:\code\3dpreprocess\src\meshlabplugins\decorate_base\debug\decorate_base.tlog\decorate_base.write.1u.tlog
e:\code\3dpreprocess\src\meshlabplugins\decorate_base\debug\decorate_base.tlog\link.command.1.tlog
e:\code\3dpreprocess\src\meshlabplugins\decorate_base\debug\decorate_base.tlog\link.read.1.tlog
e:\code\3dpreprocess\src\meshlabplugins\decorate_base\debug\decorate_base.tlog\link.write.1.tlog
e:\code\3dpreprocess\src\meshlabplugins\decorate_base\debug\decorate_base.tlog\moc.read.1u.tlog
e:\code\3dpreprocess\src\meshlabplugins\decorate_base\debug\decorate_base.tlog\moc.write.1u.tlog
e:\code\3dpreprocess\src\meshlabplugins\decorate_base\debug\decorate_base.tlog\rcc.read.1u.tlog
e:\code\3dpreprocess\src\meshlabplugins\decorate_base\debug\decorate_base.tlog\rcc.write.1u.tlog
