e:\code\3dpreprocess\src\common\x64\release\glew.obj
e:\code\3dpreprocess\src\common\x64\release\meshmodel.obj
e:\code\3dpreprocess\src\common\x64\release\filterparameter.obj
e:\code\3dpreprocess\src\common\x64\release\sgsmooth.obj
e:\code\3dpreprocess\src\common\x64\release\gllogstream.obj
e:\code\3dpreprocess\src\common\x64\release\ml_shared_data_context.obj
e:\code\3dpreprocess\src\common\x64\release\interfaces.obj
e:\code\3dpreprocess\src\common\x64\release\searcher.obj
e:\code\3dpreprocess\src\common\x64\release\meshlabdocumentxml.obj
e:\code\3dpreprocess\src\common\x64\release\scriptsyntax.obj
e:\code\3dpreprocess\src\common\x64\release\meshlabdocumentbundler.obj
e:\code\3dpreprocess\src\common\x64\release\xmlfilterinfo.obj
e:\code\3dpreprocess\src\common\x64\release\filterscript.obj
e:\code\3dpreprocess\src\common\x64\release\scriptinterface.obj
e:\code\3dpreprocess\src\common\x64\release\mlapplication.obj
e:\code\3dpreprocess\src\common\x64\release\pluginmanager.obj
e:\code\3dpreprocess\src\common\x64\release\moc_filterscript.obj
e:\code\3dpreprocess\src\common\x64\release\moc_gllogstream.obj
e:\code\3dpreprocess\src\common\x64\release\moc_scriptsyntax.obj
e:\code\3dpreprocess\src\common\x64\release\moc_meshmodel.obj
e:\code\3dpreprocess\src\common\x64\release\moc_interfaces.obj
e:\code\3dpreprocess\src\common\x64\release\moc_ml_shared_data_context.obj
e:\code\3dpreprocess\src\common\x64\release\moc_scriptinterface.obj
e:\code\3dpreprocess\src\common\release\moc_filterscript.cpp
e:\code\3dpreprocess\src\common\release\moc_gllogstream.cpp
e:\code\3dpreprocess\src\common\release\moc_interfaces.cpp
e:\code\3dpreprocess\src\common\release\moc_meshmodel.cpp
e:\code\3dpreprocess\src\common\release\moc_ml_shared_data_context.cpp
e:\code\3dpreprocess\src\common\release\moc_scriptinterface.cpp
e:\code\3dpreprocess\src\common\release\moc_scriptsyntax.cpp
e:\code\3dpreprocess\src\distrib\common.lib
e:\code\3dpreprocess\src\common\x64\release\common.tlog\cl.command.1.tlog
e:\code\3dpreprocess\src\common\x64\release\common.tlog\cl.read.1.tlog
e:\code\3dpreprocess\src\common\x64\release\common.tlog\cl.write.1.tlog
e:\code\3dpreprocess\src\common\x64\release\common.tlog\common.write.1u.tlog
e:\code\3dpreprocess\src\common\x64\release\common.tlog\lib-link.read.1.tlog
e:\code\3dpreprocess\src\common\x64\release\common.tlog\lib-link.write.1.tlog
e:\code\3dpreprocess\src\common\x64\release\common.tlog\lib.command.1.tlog
e:\code\3dpreprocess\src\common\x64\release\common.tlog\moc.read.1u.tlog
e:\code\3dpreprocess\src\common\x64\release\common.tlog\moc.write.1u.tlog
