e:\code\meshlab2016\src\meshlab\x64\release\qrc_meshlab.obj
e:\code\meshlab2016\src\meshlab\x64\release\customdialog.obj
e:\code\meshlab2016\src\meshlab\x64\release\ml_rendering_actions.obj
e:\code\meshlab2016\src\meshlab\x64\release\savemaskexporter.obj
e:\code\meshlab2016\src\meshlab\x64\release\changetexturename.obj
e:\code\meshlab2016\src\meshlab\x64\release\glarea.obj
e:\code\meshlab2016\src\meshlab\x64\release\ml_selection_buffers.obj
e:\code\meshlab2016\src\meshlab\x64\release\xmlstdpardialog.obj
e:\code\meshlab2016\src\meshlab\x64\release\filterthread.obj
e:\code\meshlab2016\src\meshlab\x64\release\ml_default_decorators.obj
e:\code\meshlab2016\src\meshlab\x64\release\stdpardialog.obj
e:\code\meshlab2016\src\meshlab\x64\release\coordinateframe.obj
e:\code\meshlab2016\src\meshlab\x64\release\mainwindow_init.obj
e:\code\meshlab2016\src\meshlab\x64\release\savesnapshotdialog.obj
e:\code\meshlab2016\src\meshlab\x64\release\xmlgeneratorgui.obj
e:\code\meshlab2016\src\meshlab\x64\release\trackball.obj
e:\code\meshlab2016\src\meshlab\x64\release\main.obj
e:\code\meshlab2016\src\meshlab\x64\release\multiviewer_container.obj
e:\code\meshlab2016\src\meshlab\x64\release\trackmode.obj
e:\code\meshlab2016\src\meshlab\x64\release\layerdialog.obj
e:\code\meshlab2016\src\meshlab\x64\release\ml_std_par_dialog.obj
e:\code\meshlab2016\src\meshlab\x64\release\additionalgui.obj
e:\code\meshlab2016\src\meshlab\x64\release\glarea_setting.obj
e:\code\meshlab2016\src\meshlab\x64\release\mainwindow_runtime.obj
e:\code\meshlab2016\src\meshlab\x64\release\filterscriptdialog.obj
e:\code\meshlab2016\src\meshlab\x64\release\ml_render_gui.obj
e:\code\meshlab2016\src\meshlab\x64\release\plugindialog.obj
e:\code\meshlab2016\src\meshlab\x64\release\moc_layerdialog.obj
e:\code\meshlab2016\src\meshlab\x64\release\moc_ml_std_par_dialog.obj
e:\code\meshlab2016\src\meshlab\x64\release\moc_filterthread.obj
e:\code\meshlab2016\src\meshlab\x64\release\moc_xmlgeneratorgui.obj
e:\code\meshlab2016\src\meshlab\x64\release\moc_interfaces.obj
e:\code\meshlab2016\src\meshlab\x64\release\moc_savemaskexporter.obj
e:\code\meshlab2016\src\meshlab\x64\release\moc_filterscriptdialog.obj
e:\code\meshlab2016\src\meshlab\x64\release\moc_ml_render_gui.obj
e:\code\meshlab2016\src\meshlab\x64\release\moc_stdpardialog.obj
e:\code\meshlab2016\src\meshlab\x64\release\moc_changetexturename.obj
e:\code\meshlab2016\src\meshlab\x64\release\moc_mainwindow.obj
e:\code\meshlab2016\src\meshlab\x64\release\moc_additionalgui.obj
e:\code\meshlab2016\src\meshlab\x64\release\moc_ml_rendering_actions.obj
e:\code\meshlab2016\src\meshlab\x64\release\moc_savesnapshotdialog.obj
e:\code\meshlab2016\src\meshlab\x64\release\moc_customdialog.obj
e:\code\meshlab2016\src\meshlab\x64\release\moc_plugindialog.obj
e:\code\meshlab2016\src\meshlab\x64\release\moc_xmlstdpardialog.obj
e:\code\meshlab2016\src\meshlab\x64\release\moc_glarea.obj
e:\code\meshlab2016\src\meshlab\x64\release\moc_multiviewer_container.obj
e:\code\meshlab2016\src\distrib\meshlab.exe
e:\code\meshlab2016\src\meshlab\generatedfiles\ui_aboutdialog.h
e:\code\meshlab2016\src\meshlab\generatedfiles\ui_congratsdialog.h
e:\code\meshlab2016\src\meshlab\generatedfiles\ui_customdialog.h
e:\code\meshlab2016\src\meshlab\generatedfiles\ui_filtercreatortab.h
e:\code\meshlab2016\src\meshlab\generatedfiles\ui_filtergui.h
e:\code\meshlab2016\src\meshlab\generatedfiles\ui_filterscriptdialog.h
e:\code\meshlab2016\src\meshlab\generatedfiles\ui_layerdialog.h
e:\code\meshlab2016\src\meshlab\generatedfiles\ui_renametexture.h
e:\code\meshlab2016\src\meshlab\generatedfiles\ui_savemaskexporter.h
e:\code\meshlab2016\src\meshlab\generatedfiles\ui_savesnapshotdialog.h
e:\code\meshlab2016\src\meshlab\generatedfiles\qrc_meshlab.cpp
e:\code\meshlab2016\src\meshlab\release\moc_interfaces.cpp
e:\code\meshlab2016\src\meshlab\release\moc_additionalgui.cpp
e:\code\meshlab2016\src\meshlab\release\moc_changetexturename.cpp
e:\code\meshlab2016\src\meshlab\release\moc_customdialog.cpp
e:\code\meshlab2016\src\meshlab\release\moc_filterscriptdialog.cpp
e:\code\meshlab2016\src\meshlab\release\moc_filterthread.cpp
e:\code\meshlab2016\src\meshlab\release\moc_glarea.cpp
e:\code\meshlab2016\src\meshlab\release\moc_layerdialog.cpp
e:\code\meshlab2016\src\meshlab\release\moc_mainwindow.cpp
e:\code\meshlab2016\src\meshlab\release\moc_ml_rendering_actions.cpp
e:\code\meshlab2016\src\meshlab\release\moc_ml_render_gui.cpp
e:\code\meshlab2016\src\meshlab\release\moc_ml_std_par_dialog.cpp
e:\code\meshlab2016\src\meshlab\release\moc_multiviewer_container.cpp
e:\code\meshlab2016\src\meshlab\release\moc_plugindialog.cpp
e:\code\meshlab2016\src\meshlab\release\moc_savemaskexporter.cpp
e:\code\meshlab2016\src\meshlab\release\moc_savesnapshotdialog.cpp
e:\code\meshlab2016\src\meshlab\release\moc_stdpardialog.cpp
e:\code\meshlab2016\src\meshlab\release\moc_xmlgeneratorgui.cpp
e:\code\meshlab2016\src\meshlab\release\moc_xmlstdpardialog.cpp
e:\code\meshlab2016\src\meshlab\x64\release\meshlab.res
e:\code\meshlab2016\src\meshlab\.\generatedfiles\qrc_meshlab.cpp
e:\code\meshlab2016\src\meshlab\.\generatedfiles\ui_aboutdialog.h
e:\code\meshlab2016\src\meshlab\.\generatedfiles\ui_congratsdialog.h
e:\code\meshlab2016\src\meshlab\.\generatedfiles\ui_customdialog.h
e:\code\meshlab2016\src\meshlab\.\generatedfiles\ui_filtercreatortab.h
e:\code\meshlab2016\src\meshlab\.\generatedfiles\ui_filtergui.h
e:\code\meshlab2016\src\meshlab\.\generatedfiles\ui_filterscriptdialog.h
e:\code\meshlab2016\src\meshlab\.\generatedfiles\ui_layerdialog.h
e:\code\meshlab2016\src\meshlab\.\generatedfiles\ui_renametexture.h
e:\code\meshlab2016\src\meshlab\.\generatedfiles\ui_savemaskexporter.h
e:\code\meshlab2016\src\meshlab\.\generatedfiles\ui_savesnapshotdialog.h
e:\code\meshlab2016\src\meshlab\x64\release\meshlab.tlog\cl.command.1.tlog
e:\code\meshlab2016\src\meshlab\x64\release\meshlab.tlog\cl.read.1.tlog
e:\code\meshlab2016\src\meshlab\x64\release\meshlab.tlog\cl.write.1.tlog
e:\code\meshlab2016\src\meshlab\x64\release\meshlab.tlog\link.command.1.tlog
e:\code\meshlab2016\src\meshlab\x64\release\meshlab.tlog\link.read.1.tlog
e:\code\meshlab2016\src\meshlab\x64\release\meshlab.tlog\link.write.1.tlog
e:\code\meshlab2016\src\meshlab\x64\release\meshlab.tlog\meshlab.write.1u.tlog
e:\code\meshlab2016\src\meshlab\x64\release\meshlab.tlog\moc.read.1u.tlog
e:\code\meshlab2016\src\meshlab\x64\release\meshlab.tlog\moc.write.1u.tlog
e:\code\meshlab2016\src\meshlab\x64\release\meshlab.tlog\rc.command.1.tlog
e:\code\meshlab2016\src\meshlab\x64\release\meshlab.tlog\rc.read.1.tlog
e:\code\meshlab2016\src\meshlab\x64\release\meshlab.tlog\rc.write.1.tlog
e:\code\meshlab2016\src\meshlab\x64\release\meshlab.tlog\rcc.read.1u.tlog
e:\code\meshlab2016\src\meshlab\x64\release\meshlab.tlog\rcc.write.1u.tlog
e:\code\meshlab2016\src\meshlab\x64\release\meshlab.tlog\uic.read.1u.tlog
e:\code\meshlab2016\src\meshlab\x64\release\meshlab.tlog\uic.write.1u.tlog
