e:\code\3dpreprocess\src\meshlab\x64\debug\additionalgui.obj
e:\code\3dpreprocess\src\meshlab\x64\debug\desencrypter.obj
e:\code\3dpreprocess\src\meshlab\x64\debug\emxcoderegister.obj
e:\code\3dpreprocess\src\meshlab\x64\debug\qtlicensemanager.obj
e:\code\3dpreprocess\src\meshlab\x64\debug\ml_render_gui.obj
e:\code\3dpreprocess\src\meshlab\x64\debug\multiviewer_container.obj
e:\code\3dpreprocess\src\meshlab\x64\debug\changetexturename.obj
e:\code\3dpreprocess\src\meshlab\x64\debug\glarea.obj
e:\code\3dpreprocess\src\meshlab\x64\debug\ml_selection_buffers.obj
e:\code\3dpreprocess\src\meshlab\x64\debug\filterthread.obj
e:\code\3dpreprocess\src\meshlab\x64\debug\ml_rendering_actions.obj
e:\code\3dpreprocess\src\meshlab\x64\debug\savemaskexporter.obj
e:\code\3dpreprocess\src\meshlab\x64\debug\coordinateframe.obj
e:\code\3dpreprocess\src\meshlab\x64\debug\emxmessagehandler.obj
e:\code\3dpreprocess\src\meshlab\x64\debug\emxregisterdialog.obj
e:\code\3dpreprocess\src\meshlab\x64\debug\ml_default_decorators.obj
e:\code\3dpreprocess\src\meshlab\x64\debug\stdpardialog.obj
e:\code\3dpreprocess\src\meshlab\x64\debug\customdialog.obj
e:\code\3dpreprocess\src\meshlab\x64\debug\mainwindow_init.obj
e:\code\3dpreprocess\src\meshlab\x64\debug\savesnapshotdialog.obj
e:\code\3dpreprocess\src\meshlab\x64\debug\xmlstdpardialog.obj
e:\code\3dpreprocess\src\meshlab\x64\debug\filterscriptdialog.obj
e:\code\3dpreprocess\src\meshlab\x64\debug\mainwindow_runtime.obj
e:\code\3dpreprocess\src\meshlab\x64\debug\xmlgeneratorgui.obj
e:\code\3dpreprocess\src\meshlab\x64\debug\trackmode.obj
e:\code\3dpreprocess\src\meshlab\x64\debug\layerdialog.obj
e:\code\3dpreprocess\src\meshlab\x64\debug\ml_std_par_dialog.obj
e:\code\3dpreprocess\src\meshlab\x64\debug\trackball.obj
e:\code\3dpreprocess\src\meshlab\x64\debug\glarea_setting.obj
e:\code\3dpreprocess\src\meshlab\x64\debug\licensemanager.obj
e:\code\3dpreprocess\src\meshlab\x64\debug\main.obj
e:\code\3dpreprocess\src\meshlab\x64\debug\plugindialog.obj
e:\code\3dpreprocess\src\meshlab\x64\debug\vc90.pdb
e:\code\3dpreprocess\src\meshlab\x64\debug\qrc_meshlab.obj
e:\code\3dpreprocess\src\meshlab\x64\debug\moc_glarea.obj
e:\code\3dpreprocess\src\meshlab\x64\debug\moc_layerdialog.obj
e:\code\3dpreprocess\src\meshlab\x64\debug\moc_ml_render_gui.obj
e:\code\3dpreprocess\src\meshlab\x64\debug\moc_emxcoderegister.obj
e:\code\3dpreprocess\src\meshlab\x64\debug\moc_emxmessagehandler.obj
e:\code\3dpreprocess\src\meshlab\x64\debug\moc_multiviewer_container.obj
e:\code\3dpreprocess\src\meshlab\x64\debug\moc_customdialog.obj
e:\code\3dpreprocess\src\meshlab\x64\debug\moc_savesnapshotdialog.obj
e:\code\3dpreprocess\src\meshlab\x64\debug\moc_filterthread.obj
e:\code\3dpreprocess\src\meshlab\x64\debug\moc_xmlgeneratorgui.obj
e:\code\3dpreprocess\src\meshlab\x64\debug\moc_interfaces.obj
e:\code\3dpreprocess\src\meshlab\x64\debug\moc_stdpardialog.obj
e:\code\3dpreprocess\src\meshlab\x64\debug\moc_mainwindow.obj
e:\code\3dpreprocess\src\meshlab\x64\debug\moc_filterscriptdialog.obj
e:\code\3dpreprocess\src\meshlab\x64\debug\moc_ml_rendering_actions.obj
e:\code\3dpreprocess\src\meshlab\x64\debug\moc_xmlstdpardialog.obj
e:\code\3dpreprocess\src\meshlab\x64\debug\moc_changetexturename.obj
e:\code\3dpreprocess\src\meshlab\x64\debug\moc_emxregisterdialog.obj
e:\code\3dpreprocess\src\meshlab\x64\debug\moc_ml_std_par_dialog.obj
e:\code\3dpreprocess\src\meshlab\x64\debug\moc_additionalgui.obj
e:\code\3dpreprocess\src\meshlab\x64\debug\moc_qtlicensemanager.obj
e:\code\3dpreprocess\src\meshlab\x64\debug\moc_plugindialog.obj
e:\code\3dpreprocess\src\meshlab\x64\debug\moc_savemaskexporter.obj
e:\code\3dpreprocess\src\distrib\meshlab.exe
e:\code\3dpreprocess\src\distrib\meshlab.ilk
e:\code\3dpreprocess\src\meshlab\generatedfiles\ui_aboutdialog.h
e:\code\3dpreprocess\src\meshlab\generatedfiles\ui_congratsdialog.h
e:\code\3dpreprocess\src\meshlab\generatedfiles\ui_customdialog.h
e:\code\3dpreprocess\src\meshlab\generatedfiles\ui_filenamedialog.h
e:\code\3dpreprocess\src\meshlab\generatedfiles\ui_filtercreatortab.h
e:\code\3dpreprocess\src\meshlab\generatedfiles\ui_filtergui.h
e:\code\3dpreprocess\src\meshlab\generatedfiles\ui_filterscriptdialog.h
e:\code\3dpreprocess\src\meshlab\generatedfiles\ui_layerdialog.h
e:\code\3dpreprocess\src\meshlab\generatedfiles\ui_renametexture.h
e:\code\3dpreprocess\src\meshlab\generatedfiles\ui_savemaskexporter.h
e:\code\3dpreprocess\src\meshlab\generatedfiles\ui_savesnapshotdialog.h
e:\code\3dpreprocess\src\meshlab\generatedfiles\qrc_meshlab.cpp
e:\code\3dpreprocess\src\meshlab\debug\moc_interfaces.cpp
e:\code\3dpreprocess\src\meshlab\debug\moc_additionalgui.cpp
e:\code\3dpreprocess\src\meshlab\debug\moc_changetexturename.cpp
e:\code\3dpreprocess\src\meshlab\debug\moc_customdialog.cpp
e:\code\3dpreprocess\src\meshlab\debug\moc_filterscriptdialog.cpp
e:\code\3dpreprocess\src\meshlab\debug\moc_filterthread.cpp
e:\code\3dpreprocess\src\meshlab\debug\moc_glarea.cpp
e:\code\3dpreprocess\src\meshlab\debug\moc_layerdialog.cpp
e:\code\3dpreprocess\src\meshlab\debug\moc_mainwindow.cpp
e:\code\3dpreprocess\src\meshlab\debug\moc_emxcoderegister.cpp
e:\code\3dpreprocess\src\meshlab\debug\moc_emxmessagehandler.cpp
e:\code\3dpreprocess\src\meshlab\debug\moc_emxregisterdialog.cpp
e:\code\3dpreprocess\src\meshlab\debug\moc_qtlicensemanager.cpp
e:\code\3dpreprocess\src\meshlab\debug\moc_ml_rendering_actions.cpp
e:\code\3dpreprocess\src\meshlab\debug\moc_ml_render_gui.cpp
e:\code\3dpreprocess\src\meshlab\debug\moc_ml_std_par_dialog.cpp
e:\code\3dpreprocess\src\meshlab\debug\moc_multiviewer_container.cpp
e:\code\3dpreprocess\src\meshlab\debug\moc_plugindialog.cpp
e:\code\3dpreprocess\src\meshlab\debug\moc_savemaskexporter.cpp
e:\code\3dpreprocess\src\meshlab\debug\moc_savesnapshotdialog.cpp
e:\code\3dpreprocess\src\meshlab\debug\moc_stdpardialog.cpp
e:\code\3dpreprocess\src\meshlab\debug\moc_xmlgeneratorgui.cpp
e:\code\3dpreprocess\src\meshlab\debug\moc_xmlstdpardialog.cpp
e:\code\3dpreprocess\src\meshlab\x64\debug\meshlab.res
e:\code\3dpreprocess\src\meshlab\.\generatedfiles\qrc_meshlab.cpp
e:\code\3dpreprocess\src\meshlab\.\generatedfiles\ui_aboutdialog.h
e:\code\3dpreprocess\src\meshlab\.\generatedfiles\ui_congratsdialog.h
e:\code\3dpreprocess\src\meshlab\.\generatedfiles\ui_customdialog.h
e:\code\3dpreprocess\src\meshlab\.\generatedfiles\ui_filenamedialog.h
e:\code\3dpreprocess\src\meshlab\.\generatedfiles\ui_filtercreatortab.h
e:\code\3dpreprocess\src\meshlab\.\generatedfiles\ui_filtergui.h
e:\code\3dpreprocess\src\meshlab\.\generatedfiles\ui_filterscriptdialog.h
e:\code\3dpreprocess\src\meshlab\.\generatedfiles\ui_layerdialog.h
e:\code\3dpreprocess\src\meshlab\.\generatedfiles\ui_renametexture.h
e:\code\3dpreprocess\src\meshlab\.\generatedfiles\ui_savemaskexporter.h
e:\code\3dpreprocess\src\meshlab\.\generatedfiles\ui_savesnapshotdialog.h
e:\code\3dpreprocess\src\/distrib/meshlab.pdb
e:\code\3dpreprocess\src\/distrib/meshlab.ilk
e:\code\3dpreprocess\src\meshlab\x64\debug\meshlab.tlog\cl.command.1.tlog
e:\code\3dpreprocess\src\meshlab\x64\debug\meshlab.tlog\cl.read.1.tlog
e:\code\3dpreprocess\src\meshlab\x64\debug\meshlab.tlog\cl.write.1.tlog
e:\code\3dpreprocess\src\meshlab\x64\debug\meshlab.tlog\link.command.1.tlog
e:\code\3dpreprocess\src\meshlab\x64\debug\meshlab.tlog\link.read.1.tlog
e:\code\3dpreprocess\src\meshlab\x64\debug\meshlab.tlog\link.write.1.tlog
e:\code\3dpreprocess\src\meshlab\x64\debug\meshlab.tlog\meshlab.write.1u.tlog
e:\code\3dpreprocess\src\meshlab\x64\debug\meshlab.tlog\moc.read.1u.tlog
e:\code\3dpreprocess\src\meshlab\x64\debug\meshlab.tlog\moc.write.1u.tlog
e:\code\3dpreprocess\src\meshlab\x64\debug\meshlab.tlog\rc.command.1.tlog
e:\code\3dpreprocess\src\meshlab\x64\debug\meshlab.tlog\rc.read.1.tlog
e:\code\3dpreprocess\src\meshlab\x64\debug\meshlab.tlog\rc.write.1.tlog
e:\code\3dpreprocess\src\meshlab\x64\debug\meshlab.tlog\rcc.read.1u.tlog
e:\code\3dpreprocess\src\meshlab\x64\debug\meshlab.tlog\rcc.write.1u.tlog
e:\code\3dpreprocess\src\meshlab\x64\debug\meshlab.tlog\uic.read.1u.tlog
e:\code\3dpreprocess\src\meshlab\x64\debug\meshlab.tlog\uic.write.1u.tlog
